[2025-12-24 16:56:08] [INFO] [jira-manager] BORN -> Actor created successfully 
[2025-12-24 16:57:10] [INFO] [jira-manager] RECEIVE -> Processing message: CreateTicketRequest
[2025-12-24 16:57:10] [INFO] [jira-manager] RECEIVE -> Processing message: CreateTicketRequest
[2025-12-24 16:57:10] [INFO] [jira-manager] RECEIVE -> Processing message: CreateTicketRequest
[2025-12-24 16:57:13] [INFO] [jira-manager] RECEIVE -> Processing message: ListTicketsRequest
[2025-12-24 16:57:13] [INFO] [jira-manager] RECEIVE -> Processing message: DeleteTicketRequest
[2025-12-24 16:57:13] [INFO] [jira-manager] RECEIVE -> Processing message: ListTicketsRequest
[2025-12-24 20:34:39] [INFO] [jira-manager] BORN -> Actor created successfully 
[2025-12-24 20:35:19] [INFO] [jira-manager] RECEIVE -> Processing message: CreateTicketRequest
[2025-12-24 20:35:19] [INFO] [jira-manager] RECEIVE -> Processing message: CreateTicketRequest
[2025-12-24 20:44:45] [INFO] [jira-manager] RECEIVE -> Processing message: DeleteTicketRequest
[2025-12-24 20:44:45] [INFO] [jira-manager] RECEIVE -> Processing message: DeleteTicketRequest
[2025-12-24 20:46:44] [INFO] [jira-manager] RECEIVE -> Processing message: CreateTicketRequest
[2025-12-24 20:46:44] [INFO] [jira-manager] RECEIVE -> Processing message: CreateTicketRequest
[2025-12-24 20:46:44] [INFO] [jira-manager] RECEIVE -> Processing message: CreateTicketRequest
[2025-12-24 21:18:50] [INFO] [jira-manager] RECEIVE -> Processing message: DeleteTicketRequest
[2025-12-24 21:18:50] [INFO] [jira-manager] RECEIVE -> Processing message: DeleteTicketRequest
[2025-12-24 21:18:50] [INFO] [jira-manager] RECEIVE -> Processing message: DeleteTicketRequest
[2025-12-24 21:24:15] [INFO] [jira-manager] RECEIVE -> Processing message: CreateTicketRequest
[2025-12-24 21:24:17] [INFO] [jira-manager] RECEIVE -> Processing message: CreateTicketRequest
[2025-12-24 21:24:17] [INFO] [jira-manager] RECEIVE -> Processing message: CreateTicketRequest
[2025-12-24 21:44:37] [INFO] [jira-manager] RECEIVE -> Processing message: DeleteTicketRequest
[2025-12-24 21:44:37] [INFO] [jira-manager] RECEIVE -> Processing message: DeleteTicketRequest
[2025-12-24 21:44:37] [INFO] [jira-manager] RECEIVE -> Processing message: DeleteTicketRequest
[2025-12-24 21:52:23] [INFO] [jira-manager] BORN -> Actor created successfully 
[2025-12-24 21:54:38] [INFO] [jira-manager] RECEIVE -> Processing message: CreateTicketRequest
[2025-12-24 21:54:38] [INFO] [jira-manager] RECEIVE -> Processing message: CreateTicketRequest
[2025-12-24 21:54:38] [INFO] [jira-manager] RECEIVE -> Processing message: CreateTicketRequest
[2025-12-24 22:17:14] [INFO] [jira-manager] RECEIVE -> Processing message: DeleteTicketRequest
[2025-12-24 22:17:15] [INFO] [jira-manager] RECEIVE -> Processing message: DeleteTicketRequest
[2025-12-24 22:17:15] [INFO] [jira-manager] RECEIVE -> Processing message: DeleteTicketRequest
[2025-12-24 22:18:25] [INFO] [jira-manager] RECEIVE -> Processing message: CreateTicketRequest
[2025-12-24 22:18:25] [INFO] [jira-manager] RECEIVE -> Processing message: CreateTicketRequest
[2025-12-24 22:18:25] [INFO] [jira-manager] RECEIVE -> Processing message: CreateTicketRequest
[2025-12-25 18:12:49] [INFO] [jira-manager] BORN -> Actor created successfully 
[2025-12-26 14:41:43] [INFO] [jira-manager] RECEIVE -> Processing message: CreateTicketRequest
[2025-12-26 14:41:43] [INFO] [REPARATEUR-1] BORN -> Actor created successfully 
[2025-12-26 14:41:43] [INFO] [jira-manager] RECEIVE -> Processing message: CreateTicketRequest
[2025-12-26 14:41:43] [INFO] [REPARATEUR-2] BORN -> Actor created successfully 
[2025-12-26 14:41:45] [INFO] [jira-manager] RECEIVE -> Processing message: CreateTicketRequest
[2025-12-26 14:41:45] [INFO] [REPARATEUR-3] BORN -> Actor created successfully 
[2025-12-26 14:41:45] [INFO] [jira-manager] RECEIVE -> Processing message: CreateTicketRequest
[2025-12-26 14:41:45] [INFO] [REPARATEUR-4] BORN -> Actor created successfully 
[2025-12-26 15:19:22] [INFO] [jira-manager] BORN -> Actor created successfully 
[2025-12-26 15:19:52] [INFO] [jira-manager] RECEIVE -> Processing message: CreateTicketRequest
[2025-12-26 15:19:52] [INFO] [REPARATEUR-1] BORN -> Actor created successfully 
[2025-12-26 15:19:52] [INFO] [jira-manager] RECEIVE -> Processing message: CreateTicketRequest
[2025-12-26 15:19:52] [INFO] [REPARATEUR-2] BORN -> Actor created successfully 
[2025-12-26 15:19:54] [INFO] [jira-manager] RECEIVE -> Processing message: CreateTicketRequest
[2025-12-26 15:19:54] [INFO] [REPARATEUR-3] BORN -> Actor created successfully 
[2025-12-26 15:19:54] [INFO] [jira-manager] RECEIVE -> Processing message: CreateTicketRequest
[2025-12-26 15:19:54] [INFO] [REPARATEUR-4] BORN -> Actor created successfully 
[2025-12-26 15:19:54] [INFO] [jira-manager] RECEIVE -> Processing message: CreateTicketRequest
[2025-12-26 15:19:54] [INFO] [REPARATEUR-5] BORN -> Actor created successfully 
[2025-12-26 15:53:48] [INFO] [jira-manager] BORN -> Actor created successfully 
[2025-12-26 15:54:30] [INFO] [jira-manager] RECEIVE -> Processing message: CreateTicketRequest
[2025-12-26 15:54:30] [INFO] [REPARATEUR-1] BORN -> Actor created successfully 
[2025-12-26 15:54:32] [INFO] [jira-manager] RECEIVE -> Processing message: CreateTicketRequest
[2025-12-26 15:54:32] [INFO] [REPARATEUR-2] BORN -> Actor created successfully 
[2025-12-26 15:54:32] [INFO] [jira-manager] RECEIVE -> Processing message: CreateTicketRequest
[2025-12-26 15:54:32] [INFO] [REPARATEUR-3] BORN -> Actor created successfully 
[2025-12-26 15:54:32] [INFO] [jira-manager] RECEIVE -> Processing message: CreateTicketRequest
[2025-12-26 15:54:32] [INFO] [REPARATEUR-4] BORN -> Actor created successfully 
[2025-12-26 15:54:32] [INFO] [REPARATEUR-1] RECEIVE -> Processing message: AssignRepairRequest
[2025-12-26 15:54:36] [INFO] [jira-manager] RECEIVE -> Processing message: CreateTicketRequest
[2025-12-26 15:54:36] [INFO] [REPARATEUR-5] BORN -> Actor created successfully 
[2025-12-26 15:54:36] [INFO] [jira-manager] RECEIVE -> Processing message: CreateTicketRequest
[2025-12-26 15:54:36] [INFO] [REPARATEUR-6] BORN -> Actor created successfully 
[2025-12-26 15:54:36] [INFO] [jira-manager] RECEIVE -> Processing message: ListTicketsRequest
[2025-12-26 15:54:36] [INFO] [REPARATEUR-4] RECEIVE -> Processing message: AssignRepairRequest
[2025-12-26 15:54:39] [INFO] [REPARATEUR-3] RECEIVE -> Processing message: AssignRepairRequest
[2025-12-26 15:54:41] [INFO] [REPARATEUR-2] RECEIVE -> Processing message: AssignRepairRequest
[2025-12-26 15:54:46] [INFO] [jira-manager] RECEIVE -> Processing message: DeleteTicketRequest
[2025-12-26 15:54:46] [INFO] [jira-manager] RECEIVE -> Processing message: ListTicketsRequest
[2025-12-26 15:54:54] [INFO] [jira-manager] RECEIVE -> Processing message: CreateTicketRequest
[2025-12-26 15:54:54] [ERROR] [jira-manager] CRASH -> Exception during CreateTicketRequest : Cannot invoke "com.saf.messages.TicketCreateDTO.getTitle()" because the return value of "com.saf.messages.CreateTicketRequest.getTicket()" is null
[2025-12-26 15:54:54] [WARN] [jira-manager] SUPERVISION -> Restarting actor instance...
[2025-12-26 15:54:54] [INFO] [jira-manager] RESTART -> Actor successfully healed and ready.
[2025-12-26 17:02:59] [INFO] [jira-manager] BORN -> Actor created successfully 
[2025-12-26 17:05:17] [INFO] [jira-manager] RECEIVE -> Processing message: CreateTicketRequest
[2025-12-26 17:05:17] [INFO] [REPARATEUR-1] BORN -> Actor created successfully 
[2025-12-26 17:05:17] [INFO] [jira-manager] RECEIVE -> Processing message: CreateTicketRequest
[2025-12-26 17:05:17] [INFO] [REPARATEUR-2] BORN -> Actor created successfully 
[2025-12-26 17:05:17] [INFO] [jira-manager] RECEIVE -> Processing message: CreateTicketRequest
[2025-12-26 17:05:17] [INFO] [REPARATEUR-3] BORN -> Actor created successfully 
[2025-12-26 17:05:19] [INFO] [jira-manager] RECEIVE -> Processing message: CreateTicketRequest
[2025-12-26 17:05:19] [INFO] [REPARATEUR-4] BORN -> Actor created successfully 
[2025-12-26 17:05:19] [INFO] [jira-manager] RECEIVE -> Processing message: CreateTicketRequest
[2025-12-26 17:05:19] [INFO] [REPARATEUR-5] BORN -> Actor created successfully 
[2025-12-26 17:05:19] [INFO] [REPARATEUR-3] RECEIVE -> Processing message: AssignRepairRequest
[2025-12-26 17:05:22] [INFO] [REPARATEUR-2] RECEIVE -> Processing message: AssignRepairRequest
[2025-12-26 17:05:24] [INFO] [REPARATEUR-1] RECEIVE -> Processing message: AssignRepairRequest
[2025-12-26 17:05:29] [INFO] [jira-manager] RECEIVE -> Processing message: CreateTicketRequest
[2025-12-26 17:05:29] [INFO] [REPARATEUR-6] BORN -> Actor created successfully 
[2025-12-26 17:05:29] [INFO] [jira-manager] RECEIVE -> Processing message: ListTicketsRequest
[2025-12-26 17:05:31] [INFO] [jira-manager] RECEIVE -> Processing message: DeleteTicketRequest
[2025-12-26 17:05:31] [INFO] [REPARATEUR-6] RECEIVE -> Processing message: AssignRepairRequest
[2025-12-26 17:05:35] [INFO] [jira-manager] RECEIVE -> Processing message: ListTicketsRequest
[2025-12-26 17:05:43] [INFO] [jira-manager] RECEIVE -> Processing message: CreateTicketRequest
[2025-12-26 17:05:43] [ERROR] [jira-manager] CRASH -> Exception during CreateTicketRequest : Cannot invoke "com.saf.messages.TicketCreateDTO.getTitle()" because the return value of "com.saf.messages.CreateTicketRequest.getTicket()" is null
[2025-12-26 17:05:43] [WARN] [jira-manager] SUPERVISION -> Restarting actor instance...
[2025-12-26 17:05:43] [INFO] [jira-manager] RESTART -> Actor successfully healed and ready.
[2025-12-26 17:07:01] [INFO] [jira-manager] RECEIVE -> Processing message: CreateTicketRequest
[2025-12-26 17:07:01] [INFO] [REPARATEUR-1] BORN -> Actor created successfully 
[2025-12-26 17:07:03] [INFO] [jira-manager] RECEIVE -> Processing message: CreateTicketRequest
[2025-12-26 17:07:03] [INFO] [REPARATEUR-2] BORN -> Actor created successfully 
[2025-12-26 17:07:03] [INFO] [jira-manager] RECEIVE -> Processing message: CreateTicketRequest
[2025-12-26 17:07:03] [INFO] [REPARATEUR-3] BORN -> Actor created successfully 
[2025-12-26 17:07:03] [INFO] [jira-manager] RECEIVE -> Processing message: CreateTicketRequest
[2025-12-26 17:07:03] [INFO] [REPARATEUR-4] BORN -> Actor created successfully 
[2025-12-26 17:07:03] [INFO] [REPARATEUR-1] RECEIVE -> Processing message: AssignRepairRequest
[2025-12-26 17:07:08] [INFO] [jira-manager] RECEIVE -> Processing message: CreateTicketRequest
[2025-12-26 17:07:08] [INFO] [REPARATEUR-5] BORN -> Actor created successfully 
[2025-12-26 17:07:08] [INFO] [jira-manager] RECEIVE -> Processing message: CreateTicketRequest
[2025-12-26 17:07:08] [INFO] [REPARATEUR-6] BORN -> Actor created successfully 
[2025-12-26 17:07:08] [INFO] [jira-manager] RECEIVE -> Processing message: ListTicketsRequest
[2025-12-26 17:07:08] [INFO] [REPARATEUR-4] RECEIVE -> Processing message: AssignRepairRequest
[2025-12-26 17:07:10] [INFO] [REPARATEUR-3] RECEIVE -> Processing message: AssignRepairRequest
[2025-12-26 17:07:13] [INFO] [REPARATEUR-2] RECEIVE -> Processing message: AssignRepairRequest
[2025-12-26 17:07:17] [INFO] [jira-manager] RECEIVE -> Processing message: DeleteTicketRequest
[2025-12-26 17:07:17] [INFO] [jira-manager] RECEIVE -> Processing message: ListTicketsRequest
[2025-12-26 17:07:25] [INFO] [jira-manager] RECEIVE -> Processing message: CreateTicketRequest
[2025-12-26 17:07:25] [ERROR] [jira-manager] CRASH -> Exception during CreateTicketRequest : Cannot invoke "com.saf.messages.TicketCreateDTO.getTitle()" because the return value of "com.saf.messages.CreateTicketRequest.getTicket()" is null
[2025-12-26 17:07:25] [WARN] [jira-manager] SUPERVISION -> Restarting actor instance...
[2025-12-26 17:07:25] [INFO] [jira-manager] RESTART -> Actor successfully healed and ready.
[2025-12-26 17:26:21] [INFO] [jira-manager] BORN -> Actor created successfully 
[2025-12-26 17:26:51] [INFO] [jira-manager] RECEIVE -> Processing message: CreateTicketRequest
[2025-12-26 17:26:51] [INFO] [REPARATEUR-1] BORN -> Actor created successfully 
[2025-12-26 17:26:51] [INFO] [jira-manager] RECEIVE -> Processing message: CreateTicketRequest
[2025-12-26 17:26:51] [INFO] [REPARATEUR-2] BORN -> Actor created successfully 
[2025-12-26 17:26:53] [INFO] [jira-manager] RECEIVE -> Processing message: CreateTicketRequest
[2025-12-26 17:26:53] [INFO] [REPARATEUR-3] BORN -> Actor created successfully 
[2025-12-26 17:26:53] [INFO] [jira-manager] RECEIVE -> Processing message: CreateTicketRequest
[2025-12-26 17:26:53] [INFO] [REPARATEUR-4] BORN -> Actor created successfully 
[2025-12-26 17:26:53] [INFO] [REPARATEUR-2] RECEIVE -> Processing message: AssignRepairRequest
[2025-12-26 17:26:55] [INFO] [REPARATEUR-1] RECEIVE -> Processing message: AssignRepairRequest
[2025-12-26 17:27:00] [INFO] [jira-manager] RECEIVE -> Processing message: CreateTicketRequest
[2025-12-26 17:27:00] [INFO] [REPARATEUR-5] BORN -> Actor created successfully 
[2025-12-26 17:27:00] [INFO] [jira-manager] RECEIVE -> Processing message: CreateTicketRequest
[2025-12-26 17:27:00] [INFO] [REPARATEUR-6] BORN -> Actor created successfully 
[2025-12-26 17:27:00] [INFO] [jira-manager] RECEIVE -> Processing message: ListTicketsRequest
[2025-12-26 17:27:02] [INFO] [REPARATEUR-6] RECEIVE -> Processing message: AssignRepairRequest
[2025-12-26 17:27:04] [INFO] [REPARATEUR-5] RECEIVE -> Processing message: AssignRepairRequest
[2025-12-26 17:27:09] [INFO] [jira-manager] RECEIVE -> Processing message: DeleteTicketRequest
[2025-12-26 17:27:09] [INFO] [jira-manager] RECEIVE -> Processing message: ListTicketsRequest
[2025-12-26 17:27:17] [INFO] [jira-manager] RECEIVE -> Processing message: CreateTicketRequest
[2025-12-26 17:27:17] [ERROR] [jira-manager] CRASH -> Exception during CreateTicketRequest : Cannot invoke "com.saf.messages.TicketCreateDTO.getTitle()" because the return value of "com.saf.messages.CreateTicketRequest.getTicket()" is null
[2025-12-26 17:27:17] [WARN] [jira-manager] SUPERVISION -> Restarting actor instance...
[2025-12-26 17:27:17] [INFO] [jira-manager] RESTART -> Actor successfully healed and ready.
[2025-12-26 17:36:45] [INFO] [jira-manager] BORN -> Actor created successfully 
